<?xml version="1.0" encoding="UTF-8"?>
<!-- Generated by org.testng.reporters.JUnitReportReporter -->
<testsuite skipped="0" hostname="ATMECSINLT-404" name="com.atmecs.dataprovider.demo.TestDataprovider" tests="3" failures="0" timestamp="2020-10-01T21:47:36 IST" time="22.011" errors="0">
  <testcase name="Fblogin" time="7.191" classname="com.atmecs.dataprovider.demo.TestDataprovider"/>
  <system-out/>
  <testcase name="Fblogin" time="7.054" classname="com.atmecs.dataprovider.demo.TestDataprovider"/>
  <system-out/>
  <testcase name="Fblogin" time="7.766" classname="com.atmecs.dataprovider.demo.TestDataprovider"/>
  <system-out/>
</testsuite> <!-- com.atmecs.dataprovider.demo.TestDataprovider -->
