<?xml version="1.0" encoding="UTF-8"?>
<!-- Generated by org.testng.reporters.JUnitReportReporter -->
<testsuite skipped="1" hostname="ATMECSINLT-404" name="com.atmecs.dataprovider.demo.FormTest" tests="1" failures="0" timestamp="2020-09-30T15:51:21 IST" time="0.000" errors="0">
  <testcase name="login" time="0.000" classname="com.atmecs.dataprovider.demo.FormTest">
    <skipped/>
  </testcase> <!-- login -->
  <system-out/>
</testsuite> <!-- com.atmecs.dataprovider.demo.FormTest -->
