<?xml version="1.0" encoding="UTF-8"?>
<!-- Generated by org.testng.reporters.JUnitReportReporter -->
<testsuite skipped="0" hostname="ATMECSINLT-404" name="com.atmecs.automationsite.helper.Testclass" tests="1" failures="0" timestamp="2020-09-26T20:28:23 IST" time="1.164" errors="0">
  <testcase name="getdata" time="1.164" classname="com.atmecs.automationsite.helper.Testclass"/>
  <system-out/>
</testsuite> <!-- com.atmecs.automationsite.helper.Testclass -->
