<?xml version="1.0" encoding="UTF-8"?>
<!-- Generated by org.testng.reporters.JUnitReportReporter -->
<testsuite skipped="0" hostname="ATMECSINLT-404" name="com.atmecs.dataprovider.demo.FormTest" tests="3" failures="0" timestamp="2020-09-30T11:08:59 IST" time="27.624" errors="0">
  <testcase name="login" time="10.288" classname="com.atmecs.dataprovider.demo.FormTest"/>
  <system-out/>
  <testcase name="login" time="9.776" classname="com.atmecs.dataprovider.demo.FormTest"/>
  <system-out/>
  <testcase name="login" time="7.560" classname="com.atmecs.dataprovider.demo.FormTest"/>
  <system-out/>
</testsuite> <!-- com.atmecs.dataprovider.demo.FormTest -->
