<?xml version="1.0" encoding="UTF-8"?>
<!-- Generated by org.testng.reporters.JUnitReportReporter -->
<testsuite skipped="0" hostname="ATMECSINLT-404" name="com.atmecs.dataprovider.demo.TestDataprovider" tests="3" failures="0" timestamp="2020-09-30T10:55:51 IST" time="22.015" errors="0">
  <testcase name="Fblogin" time="6.434" classname="com.atmecs.dataprovider.demo.TestDataprovider"/>
  <system-out/>
  <testcase name="Fblogin" time="6.963" classname="com.atmecs.dataprovider.demo.TestDataprovider"/>
  <system-out/>
  <testcase name="Fblogin" time="8.618" classname="com.atmecs.dataprovider.demo.TestDataprovider"/>
  <system-out/>
</testsuite> <!-- com.atmecs.dataprovider.demo.TestDataprovider -->
